<?xml version="1.0" encoding="UTF-8"?>
<testsuite xmlns:xsi="http://www.w3.org/2001/XMLSchema-instance" xsi:noNamespaceSchemaLocation="https://maven.apache.org/surefire/maven-surefire-plugin/xsd/surefire-test-report-3.0.xsd" version="3.0" name="seleniumwebapptesting.chrome.SearchingChromeTest" time="24.926" tests="3" errors="0" skipped="0" failures="0">
  <properties>
[...]
</properties>
  <testcase name="testValidSearchResults" classname="seleniumwebapptesting.chrome.SearchingChromeTest" time="8.427">
    <system-err><![CDATA[Nov 26, 2023 12:32:16 AM org.openqa.selenium.devtools.CdpVersionFinder findNearestMatch
WARNING: Unable to find an exact match for CDP version 119, returning the closest version; found: 118; Please update to a Selenium version that supports CDP version 119
]]></system-err>
  </testcase>
  <testcase name="testSearchBarFunctionality" classname="seleniumwebapptesting.chrome.SearchingChromeTest" time="8.701">
    <system-err><![CDATA[Nov 26, 2023 12:32:25 AM org.openqa.selenium.devtools.CdpVersionFinder findNearestMatch
WARNING: Unable to find an exact match for CDP version 119, returning the closest version; found: 118; Please update to a Selenium version that supports CDP version 119
]]></system-err>
  </testcase>
  <testcase name="testInvalidSearchResults" classname="seleniumwebapptesting.chrome.SearchingChromeTest" time="7.792">
    <system-err><![CDATA[Nov 26, 2023 12:32:33 AM org.openqa.selenium.devtools.CdpVersionFinder findNearestMatch
WARNING: Unable to find an exact match for CDP version 119, returning the closest version; found: 118; Please update to a Selenium version that supports CDP version 119
]]></system-err>
  </testcase>
</testsuite>