<?xml version="1.0" encoding="UTF-8"?>
<testsuite xmlns:xsi="http://www.w3.org/2001/XMLSchema-instance" xsi:noNamespaceSchemaLocation="https://maven.apache.org/surefire/maven-surefire-plugin/xsd/surefire-test-report-3.0.xsd" version="3.0" name="seleniumwebapptesting.safari.UserAccountSafariTest" time="26.488" tests="4" errors="4" skipped="0" failures="0">
  <properties>
[...]
</properties>
  <testcase name="testUserLoginSuccess" classname="seleniumwebapptesting.safari.UserAccountSafariTest" time="3.524">
    <error message="For documentation on this error, please visit: https://www.selenium.dev/documentation/webdriver/troubleshooting/errors#no-such-element-exception&#10;Build info: version: &apos;4.14.1&apos;, revision: &apos;03f8ede370&apos;&#10;System info: os.name: &apos;Mac OS X&apos;, os.arch: &apos;x86_64&apos;, os.version: &apos;12.1&apos;, java.version: &apos;19.0.2&apos;&#10;Driver info: org.openqa.selenium.safari.SafariDriver&#10;Command: [DAF81BF7-BF69-46E3-8936-6621DA270000, findElement {using=id, value=email}]&#10;Capabilities {acceptInsecureCerts: false, browserName: Safari, browserVersion: 15.2, platformName: mac, safari:automaticInspection: false, safari:automaticProfiling: false, safari:diagnose: false, safari:platformBuildVersion: 21C52, safari:platformVersion: 12.1, safari:useSimulator: false, setWindowRect: true, strictFileInteractability: false, webkit:WebRTC: {DisableICECandidateFiltering: false, DisableInsecureMediaCapture: false}}&#10;Session ID: DAF81BF7-BF69-46E3-8936-6621DA270000" type="org.openqa.selenium.NoSuchElementException"><![CDATA[org.openqa.selenium.NoSuchElementException: 
For documentation on this error, please visit: https://www.selenium.dev/documentation/webdriver/troubleshooting/errors#no-such-element-exception
Build info: version: '4.14.1', revision: '03f8ede370'
System info: os.name: 'Mac OS X', os.arch: 'x86_64', os.version: '12.1', java.version: '19.0.2'
Driver info: org.openqa.selenium.safari.SafariDriver
Command: [DAF81BF7-BF69-46E3-8936-6621DA270000, findElement {using=id, value=email}]
Capabilities {acceptInsecureCerts: false, browserName: Safari, browserVersion: 15.2, platformName: mac, safari:automaticInspection: false, safari:automaticProfiling: false, safari:diagnose: false, safari:platformBuildVersion: 21C52, safari:platformVersion: 12.1, safari:useSimulator: false, setWindowRect: true, strictFileInteractability: false, webkit:WebRTC: {DisableICECandidateFiltering: false, DisableInsecureMediaCapture: false}}
Session ID: DAF81BF7-BF69-46E3-8936-6621DA270000
	at seleniumwebapptesting.safari.UserAccountSafariTest.testUserLoginSuccess(UserAccountSafariTest.java:108)
]]></error>
    <system-err><![CDATA[Nov 26, 2023 12:28:58 AM org.openqa.selenium.os.ExternalProcess$Builder lambda$start$0
WARNING: failed to copy the output of process 30868
java.io.IOException: Stream closed
	at java.base/java.io.BufferedInputStream.getBufIfOpen(BufferedInputStream.java:172)
	at java.base/java.io.BufferedInputStream.implRead(BufferedInputStream.java:373)
	at java.base/java.io.BufferedInputStream.read(BufferedInputStream.java:367)
	at java.base/java.io.InputStream.transferTo(InputStream.java:790)
	at org.openqa.selenium.os.ExternalProcess$Builder.lambda$start$0(ExternalProcess.java:209)
	at java.base/java.lang.Thread.run(Thread.java:1589)

Nov 26, 2023 12:28:58 AM org.openqa.selenium.os.ExternalProcess$Builder lambda$start$0
WARNING: failed to copy the output of process 30868
java.io.IOException: Stream closed
	at java.base/java.io.BufferedInputStream.getBufIfOpen(BufferedInputStream.java:172)
	at java.base/java.io.BufferedInputStream.implRead(BufferedInputStream.java:373)
	at java.base/java.io.BufferedInputStream.read(BufferedInputStream.java:367)
	at java.base/java.io.InputStream.transferTo(InputStream.java:790)
	at org.openqa.selenium.os.ExternalProcess$Builder.lambda$start$0(ExternalProcess.java:209)
	at java.base/java.lang.Thread.run(Thread.java:1589)

Nov 26, 2023 12:28:58 AM org.openqa.selenium.os.ExternalProcess$Builder lambda$start$0
WARNING: failed to copy the output of process 30868
java.io.IOException: Stream closed
	at java.base/java.io.BufferedInputStream.getBufIfOpen(BufferedInputStream.java:172)
	at java.base/java.io.BufferedInputStream.implRead(BufferedInputStream.java:373)
	at java.base/java.io.BufferedInputStream.read(BufferedInputStream.java:367)
	at java.base/java.io.InputStream.transferTo(InputStream.java:790)
	at org.openqa.selenium.os.ExternalProcess$Builder.lambda$start$0(ExternalProcess.java:209)
	at java.base/java.lang.Thread.run(Thread.java:1589)

Nov 26, 2023 12:28:58 AM org.openqa.selenium.os.ExternalProcess$Builder lambda$start$0
WARNING: failed to copy the output of process 30868
java.io.IOException: Stream closed
	at java.base/java.io.BufferedInputStream.getBufIfOpen(BufferedInputStream.java:172)
	at java.base/java.io.BufferedInputStream.implRead(BufferedInputStream.java:373)
	at java.base/java.io.BufferedInputStream.read(BufferedInputStream.java:367)
	at java.base/java.io.InputStream.transferTo(InputStream.java:790)
	at org.openqa.selenium.os.ExternalProcess$Builder.lambda$start$0(ExternalProcess.java:209)
	at java.base/java.lang.Thread.run(Thread.java:1589)

Nov 26, 2023 12:28:58 AM org.openqa.selenium.os.ExternalProcess$Builder lambda$start$0
WARNING: failed to copy the output of process 30868
java.io.IOException: Stream closed
	at java.base/java.io.BufferedInputStream.getBufIfOpen(BufferedInputStream.java:172)
	at java.base/java.io.BufferedInputStream.implRead(BufferedInputStream.java:373)
	at java.base/java.io.BufferedInputStream.read(BufferedInputStream.java:367)
	at java.base/java.io.InputStream.transferTo(InputStream.java:790)
	at org.openqa.selenium.os.ExternalProcess$Builder.lambda$start$0(ExternalProcess.java:209)
	at java.base/java.lang.Thread.run(Thread.java:1589)

Nov 26, 2023 12:28:58 AM org.openqa.selenium.os.ExternalProcess$Builder lambda$start$0
WARNING: failed to copy the output of process 30868
java.io.IOException: Stream closed
	at java.base/java.io.BufferedInputStream.getBufIfOpen(BufferedInputStream.java:172)
	at java.base/java.io.BufferedInputStream.implRead(BufferedInputStream.java:373)
	at java.base/java.io.BufferedInputStream.read(BufferedInputStream.java:367)
	at java.base/java.io.InputStream.transferTo(InputStream.java:790)
	at org.openqa.selenium.os.ExternalProcess$Builder.lambda$start$0(ExternalProcess.java:209)
	at java.base/java.lang.Thread.run(Thread.java:1589)

]]></system-err>
  </testcase>
  <testcase name="testUserRegistrationFail" classname="seleniumwebapptesting.safari.UserAccountSafariTest" time="16.297">
    <error message="Expected condition failed: waiting for presence of element located by: By.xpath: //div[contains(@class, &apos;message-error&apos;)] (tried for 10 second(s) with 500 milliseconds interval)" type="org.openqa.selenium.TimeoutException"><![CDATA[org.openqa.selenium.TimeoutException: Expected condition failed: waiting for presence of element located by: By.xpath: //div[contains(@class, 'message-error')] (tried for 10 second(s) with 500 milliseconds interval)
	at seleniumwebapptesting.safari.UserAccountSafariTest.testUserRegistrationFail(UserAccountSafariTest.java:97)
Caused by: org.openqa.selenium.NoSuchElementException: 
For documentation on this error, please visit: https://www.selenium.dev/documentation/webdriver/troubleshooting/errors#no-such-element-exception
Build info: version: '4.14.1', revision: '03f8ede370'
System info: os.name: 'Mac OS X', os.arch: 'x86_64', os.version: '12.1', java.version: '19.0.2'
Driver info: org.openqa.selenium.safari.SafariDriver
Command: [19D9A595-BD6C-490B-B888-E92E93B076E7, findElement {using=xpath, value=//div[contains(@class, 'message-error')]}]
Capabilities {acceptInsecureCerts: false, browserName: Safari, browserVersion: 15.2, platformName: mac, safari:automaticInspection: false, safari:automaticProfiling: false, safari:diagnose: false, safari:platformBuildVersion: 21C52, safari:platformVersion: 12.1, safari:useSimulator: false, setWindowRect: true, strictFileInteractability: false, webkit:WebRTC: {DisableICECandidateFiltering: false, DisableInsecureMediaCapture: false}}
Session ID: 19D9A595-BD6C-490B-B888-E92E93B076E7
	at seleniumwebapptesting.safari.UserAccountSafariTest.testUserRegistrationFail(UserAccountSafariTest.java:97)
]]></error>
    <system-err><![CDATA[Nov 26, 2023 12:29:14 AM org.openqa.selenium.os.ExternalProcess$Builder lambda$start$0
WARNING: failed to copy the output of process 30903
java.io.IOException: Stream closed
	at java.base/java.io.BufferedInputStream.getBufIfOpen(BufferedInputStream.java:172)
	at java.base/java.io.BufferedInputStream.implRead(BufferedInputStream.java:373)
	at java.base/java.io.BufferedInputStream.read(BufferedInputStream.java:367)
	at java.base/java.io.InputStream.transferTo(InputStream.java:790)
	at org.openqa.selenium.os.ExternalProcess$Builder.lambda$start$0(ExternalProcess.java:209)
	at java.base/java.lang.Thread.run(Thread.java:1589)

Nov 26, 2023 12:29:14 AM org.openqa.selenium.os.ExternalProcess$Builder lambda$start$0
WARNING: failed to copy the output of process 30903
java.io.IOException: Stream closed
	at java.base/java.io.BufferedInputStream.getBufIfOpen(BufferedInputStream.java:172)
	at java.base/java.io.BufferedInputStream.implRead(BufferedInputStream.java:373)
	at java.base/java.io.BufferedInputStream.read(BufferedInputStream.java:367)
	at java.base/java.io.InputStream.transferTo(InputStream.java:790)
	at org.openqa.selenium.os.ExternalProcess$Builder.lambda$start$0(ExternalProcess.java:209)
	at java.base/java.lang.Thread.run(Thread.java:1589)

]]></system-err>
  </testcase>
  <testcase name="testUserRegistrationSuccess" classname="seleniumwebapptesting.safari.UserAccountSafariTest" time="3.748">
    <error message="For documentation on this error, please visit: https://www.selenium.dev/documentation/webdriver/troubleshooting/errors#no-such-element-exception&#10;Build info: version: &apos;4.14.1&apos;, revision: &apos;03f8ede370&apos;&#10;System info: os.name: &apos;Mac OS X&apos;, os.arch: &apos;x86_64&apos;, os.version: &apos;12.1&apos;, java.version: &apos;19.0.2&apos;&#10;Driver info: org.openqa.selenium.safari.SafariDriver&#10;Command: [F88846A3-DA84-4BD0-AE6A-4B94AFCAC417, findElement {using=id, value=firstname}]&#10;Capabilities {acceptInsecureCerts: false, browserName: Safari, browserVersion: 15.2, platformName: mac, safari:automaticInspection: false, safari:automaticProfiling: false, safari:diagnose: false, safari:platformBuildVersion: 21C52, safari:platformVersion: 12.1, safari:useSimulator: false, setWindowRect: true, strictFileInteractability: false, webkit:WebRTC: {DisableICECandidateFiltering: false, DisableInsecureMediaCapture: false}}&#10;Session ID: F88846A3-DA84-4BD0-AE6A-4B94AFCAC417" type="org.openqa.selenium.NoSuchElementException"><![CDATA[org.openqa.selenium.NoSuchElementException: 
For documentation on this error, please visit: https://www.selenium.dev/documentation/webdriver/troubleshooting/errors#no-such-element-exception
Build info: version: '4.14.1', revision: '03f8ede370'
System info: os.name: 'Mac OS X', os.arch: 'x86_64', os.version: '12.1', java.version: '19.0.2'
Driver info: org.openqa.selenium.safari.SafariDriver
Command: [F88846A3-DA84-4BD0-AE6A-4B94AFCAC417, findElement {using=id, value=firstname}]
Capabilities {acceptInsecureCerts: false, browserName: Safari, browserVersion: 15.2, platformName: mac, safari:automaticInspection: false, safari:automaticProfiling: false, safari:diagnose: false, safari:platformBuildVersion: 21C52, safari:platformVersion: 12.1, safari:useSimulator: false, setWindowRect: true, strictFileInteractability: false, webkit:WebRTC: {DisableICECandidateFiltering: false, DisableInsecureMediaCapture: false}}
Session ID: F88846A3-DA84-4BD0-AE6A-4B94AFCAC417
	at seleniumwebapptesting.safari.UserAccountSafariTest.testUserRegistrationSuccess(UserAccountSafariTest.java:41)
]]></error>
    <system-err><![CDATA[Nov 26, 2023 12:29:18 AM org.openqa.selenium.os.ExternalProcess$Builder lambda$start$0
WARNING: failed to copy the output of process 30936
java.io.IOException: Stream closed
	at java.base/java.io.BufferedInputStream.getBufIfOpen(BufferedInputStream.java:172)
	at java.base/java.io.BufferedInputStream.implRead(BufferedInputStream.java:373)
	at java.base/java.io.BufferedInputStream.read(BufferedInputStream.java:367)
	at java.base/java.io.InputStream.transferTo(InputStream.java:790)
	at org.openqa.selenium.os.ExternalProcess$Builder.lambda$start$0(ExternalProcess.java:209)
	at java.base/java.lang.Thread.run(Thread.java:1589)

Nov 26, 2023 12:29:18 AM org.openqa.selenium.os.ExternalProcess$Builder lambda$start$0
WARNING: failed to copy the output of process 30936
java.io.IOException: Stream closed
	at java.base/java.io.BufferedInputStream.getBufIfOpen(BufferedInputStream.java:172)
	at java.base/java.io.BufferedInputStream.implRead(BufferedInputStream.java:373)
	at java.base/java.io.BufferedInputStream.read(BufferedInputStream.java:367)
	at java.base/java.io.InputStream.transferTo(InputStream.java:790)
	at org.openqa.selenium.os.ExternalProcess$Builder.lambda$start$0(ExternalProcess.java:209)
	at java.base/java.lang.Thread.run(Thread.java:1589)

]]></system-err>
  </testcase>
  <testcase name="testUserLoginFail" classname="seleniumwebapptesting.safari.UserAccountSafariTest" time="2.9">
    <error message="For documentation on this error, please visit: https://www.selenium.dev/documentation/webdriver/troubleshooting/errors#no-such-element-exception&#10;Build info: version: &apos;4.14.1&apos;, revision: &apos;03f8ede370&apos;&#10;System info: os.name: &apos;Mac OS X&apos;, os.arch: &apos;x86_64&apos;, os.version: &apos;12.1&apos;, java.version: &apos;19.0.2&apos;&#10;Driver info: org.openqa.selenium.safari.SafariDriver&#10;Command: [74973AEC-0F4B-4770-A190-B7821A28EF94, findElement {using=id, value=email}]&#10;Capabilities {acceptInsecureCerts: false, browserName: Safari, browserVersion: 15.2, platformName: mac, safari:automaticInspection: false, safari:automaticProfiling: false, safari:diagnose: false, safari:platformBuildVersion: 21C52, safari:platformVersion: 12.1, safari:useSimulator: false, setWindowRect: true, strictFileInteractability: false, webkit:WebRTC: {DisableICECandidateFiltering: false, DisableInsecureMediaCapture: false}}&#10;Session ID: 74973AEC-0F4B-4770-A190-B7821A28EF94" type="org.openqa.selenium.NoSuchElementException"><![CDATA[org.openqa.selenium.NoSuchElementException: 
For documentation on this error, please visit: https://www.selenium.dev/documentation/webdriver/troubleshooting/errors#no-such-element-exception
Build info: version: '4.14.1', revision: '03f8ede370'
System info: os.name: 'Mac OS X', os.arch: 'x86_64', os.version: '12.1', java.version: '19.0.2'
Driver info: org.openqa.selenium.safari.SafariDriver
Command: [74973AEC-0F4B-4770-A190-B7821A28EF94, findElement {using=id, value=email}]
Capabilities {acceptInsecureCerts: false, browserName: Safari, browserVersion: 15.2, platformName: mac, safari:automaticInspection: false, safari:automaticProfiling: false, safari:diagnose: false, safari:platformBuildVersion: 21C52, safari:platformVersion: 12.1, safari:useSimulator: false, setWindowRect: true, strictFileInteractability: false, webkit:WebRTC: {DisableICECandidateFiltering: false, DisableInsecureMediaCapture: false}}
Session ID: 74973AEC-0F4B-4770-A190-B7821A28EF94
	at seleniumwebapptesting.safari.UserAccountSafariTest.testUserLoginFail(UserAccountSafariTest.java:140)
]]></error>
    <system-err><![CDATA[Nov 26, 2023 12:29:21 AM org.openqa.selenium.os.ExternalProcess$Builder lambda$start$0
WARNING: failed to copy the output of process 30970
java.io.IOException: Stream closed
	at java.base/java.io.BufferedInputStream.getBufIfOpen(BufferedInputStream.java:172)
	at java.base/java.io.BufferedInputStream.implRead(BufferedInputStream.java:373)
	at java.base/java.io.BufferedInputStream.read(BufferedInputStream.java:367)
	at java.base/java.io.InputStream.transferTo(InputStream.java:790)
	at org.openqa.selenium.os.ExternalProcess$Builder.lambda$start$0(ExternalProcess.java:209)
	at java.base/java.lang.Thread.run(Thread.java:1589)

Nov 26, 2023 12:29:21 AM org.openqa.selenium.os.ExternalProcess$Builder lambda$start$0
WARNING: failed to copy the output of process 30970
java.io.IOException: Stream closed
	at java.base/java.io.BufferedInputStream.getBufIfOpen(BufferedInputStream.java:172)
	at java.base/java.io.BufferedInputStream.implRead(BufferedInputStream.java:373)
	at java.base/java.io.BufferedInputStream.read(BufferedInputStream.java:367)
	at java.base/java.io.InputStream.transferTo(InputStream.java:790)
	at org.openqa.selenium.os.ExternalProcess$Builder.lambda$start$0(ExternalProcess.java:209)
	at java.base/java.lang.Thread.run(Thread.java:1589)

Nov 26, 2023 12:29:21 AM org.openqa.selenium.os.ExternalProcess$Builder lambda$start$0
WARNING: failed to copy the output of process 30970
java.io.IOException: Stream closed
	at java.base/java.io.BufferedInputStream.getBufIfOpen(BufferedInputStream.java:172)
	at java.base/java.io.BufferedInputStream.implRead(BufferedInputStream.java:373)
	at java.base/java.io.BufferedInputStream.read(BufferedInputStream.java:367)
	at java.base/java.io.InputStream.transferTo(InputStream.java:790)
	at org.openqa.selenium.os.ExternalProcess$Builder.lambda$start$0(ExternalProcess.java:209)
	at java.base/java.lang.Thread.run(Thread.java:1589)

Nov 26, 2023 12:29:21 AM org.openqa.selenium.os.ExternalProcess$Builder lambda$start$0
WARNING: failed to copy the output of process 30970
java.io.IOException: Stream closed
	at java.base/java.io.BufferedInputStream.getBufIfOpen(BufferedInputStream.java:172)
	at java.base/java.io.BufferedInputStream.implRead(BufferedInputStream.java:373)
	at java.base/java.io.BufferedInputStream.read(BufferedInputStream.java:367)
	at java.base/java.io.InputStream.transferTo(InputStream.java:790)
	at org.openqa.selenium.os.ExternalProcess$Builder.lambda$start$0(ExternalProcess.java:209)
	at java.base/java.lang.Thread.run(Thread.java:1589)

]]></system-err>
  </testcase>
</testsuite>