<?xml version="1.0" encoding="UTF-8"?>
<testsuite xmlns:xsi="http://www.w3.org/2001/XMLSchema-instance" xsi:noNamespaceSchemaLocation="https://maven.apache.org/surefire/maven-surefire-plugin/xsd/surefire-test-report-3.0.xsd" version="3.0" name="seleniumwebapptesting.safari.CartFunctionalitySafariTest" time="44.734" tests="4" errors="2" skipped="0" failures="1">
  <properties>
[...]
</properties>
  <testcase name="testRemoveProductFromCart" classname="seleniumwebapptesting.safari.CartFunctionalitySafariTest" time="30.905">
    <failure message="Product was not removed from the cart." type="java.lang.AssertionError"><![CDATA[java.lang.AssertionError: Product was not removed from the cart.
	at seleniumwebapptesting.safari.CartFunctionalitySafariTest.testRemoveProductFromCart(CartFunctionalitySafariTest.java:115)
]]></failure>
    <system-err><![CDATA[SLF4J: No SLF4J providers were found.
SLF4J: Defaulting to no-operation (NOP) logger implementation
SLF4J: See https://www.slf4j.org/codes.html#noProviders for further details.
Nov 26, 2023 12:28:41 AM org.openqa.selenium.os.ExternalProcess$Builder lambda$start$0
WARNING: failed to copy the output of process 30734
java.io.IOException: Stream closed
	at java.base/java.io.BufferedInputStream.getBufIfOpen(BufferedInputStream.java:172)
	at java.base/java.io.BufferedInputStream.implRead(BufferedInputStream.java:373)
	at java.base/java.io.BufferedInputStream.read(BufferedInputStream.java:367)
	at java.base/java.io.InputStream.transferTo(InputStream.java:790)
	at org.openqa.selenium.os.ExternalProcess$Builder.lambda$start$0(ExternalProcess.java:209)
	at java.base/java.lang.Thread.run(Thread.java:1589)

]]></system-err>
  </testcase>
  <testcase name="testCheckoutProcess" classname="seleniumwebapptesting.safari.CartFunctionalitySafariTest" time="7.187">
    <system-err><![CDATA[Nov 26, 2023 12:28:48 AM org.openqa.selenium.os.ExternalProcess$Builder lambda$start$0
WARNING: failed to copy the output of process 30771
java.io.IOException: Stream closed
	at java.base/java.io.BufferedInputStream.getBufIfOpen(BufferedInputStream.java:172)
	at java.base/java.io.BufferedInputStream.implRead(BufferedInputStream.java:373)
	at java.base/java.io.BufferedInputStream.read(BufferedInputStream.java:367)
	at java.base/java.io.InputStream.transferTo(InputStream.java:790)
	at org.openqa.selenium.os.ExternalProcess$Builder.lambda$start$0(ExternalProcess.java:209)
	at java.base/java.lang.Thread.run(Thread.java:1589)

Nov 26, 2023 12:28:48 AM org.openqa.selenium.os.ExternalProcess$Builder lambda$start$0
WARNING: failed to copy the output of process 30771
java.io.IOException: Stream closed
	at java.base/java.io.BufferedInputStream.getBufIfOpen(BufferedInputStream.java:172)
	at java.base/java.io.BufferedInputStream.implRead(BufferedInputStream.java:373)
	at java.base/java.io.BufferedInputStream.read(BufferedInputStream.java:367)
	at java.base/java.io.InputStream.transferTo(InputStream.java:790)
	at org.openqa.selenium.os.ExternalProcess$Builder.lambda$start$0(ExternalProcess.java:209)
	at java.base/java.lang.Thread.run(Thread.java:1589)

Nov 26, 2023 12:28:48 AM org.openqa.selenium.os.ExternalProcess$Builder lambda$start$0
WARNING: failed to copy the output of process 30771
java.io.IOException: Stream closed
	at java.base/java.io.BufferedInputStream.getBufIfOpen(BufferedInputStream.java:172)
	at java.base/java.io.BufferedInputStream.implRead(BufferedInputStream.java:373)
	at java.base/java.io.BufferedInputStream.read(BufferedInputStream.java:367)
	at java.base/java.io.InputStream.transferTo(InputStream.java:790)
	at org.openqa.selenium.os.ExternalProcess$Builder.lambda$start$0(ExternalProcess.java:209)
	at java.base/java.lang.Thread.run(Thread.java:1589)

Nov 26, 2023 12:28:48 AM org.openqa.selenium.os.ExternalProcess$Builder lambda$start$0
WARNING: failed to copy the output of process 30771
java.io.IOException: Stream closed
	at java.base/java.io.BufferedInputStream.getBufIfOpen(BufferedInputStream.java:172)
	at java.base/java.io.BufferedInputStream.implRead(BufferedInputStream.java:373)
	at java.base/java.io.BufferedInputStream.read(BufferedInputStream.java:367)
	at java.base/java.io.InputStream.transferTo(InputStream.java:790)
	at org.openqa.selenium.os.ExternalProcess$Builder.lambda$start$0(ExternalProcess.java:209)
	at java.base/java.lang.Thread.run(Thread.java:1589)

]]></system-err>
  </testcase>
  <testcase name="testAddProductToCart" classname="seleniumwebapptesting.safari.CartFunctionalitySafariTest" time="3.301">
    <error message="Build info: version: &apos;4.14.1&apos;, revision: &apos;03f8ede370&apos;&#10;System info: os.name: &apos;Mac OS X&apos;, os.arch: &apos;x86_64&apos;, os.version: &apos;12.1&apos;, java.version: &apos;19.0.2&apos;&#10;Driver info: org.openqa.selenium.safari.SafariDriver&#10;Command: [47F2D659-ACB9-4D53-957F-604B2C37761B, clickElement {id=node-CBB905A9-DA3F-405F-80F8-A2A0BC6B98F4}]&#10;Capabilities {acceptInsecureCerts: false, browserName: Safari, browserVersion: 15.2, platformName: mac, safari:automaticInspection: false, safari:automaticProfiling: false, safari:diagnose: false, safari:platformBuildVersion: 21C52, safari:platformVersion: 12.1, safari:useSimulator: false, setWindowRect: true, strictFileInteractability: false, webkit:WebRTC: {DisableICECandidateFiltering: false, DisableInsecureMediaCapture: false}}&#10;Element: [[[[SafariDriver: Safari on mac (47F2D659-ACB9-4D53-957F-604B2C37761B)] -&gt; css selector: .product-item:first-child]] -&gt; xpath: //div[@option-label=&apos;28&apos;]]&#10;Session ID: 47F2D659-ACB9-4D53-957F-604B2C37761B" type="org.openqa.selenium.ElementNotInteractableException"><![CDATA[org.openqa.selenium.ElementNotInteractableException: 
Build info: version: '4.14.1', revision: '03f8ede370'
System info: os.name: 'Mac OS X', os.arch: 'x86_64', os.version: '12.1', java.version: '19.0.2'
Driver info: org.openqa.selenium.safari.SafariDriver
Command: [47F2D659-ACB9-4D53-957F-604B2C37761B, clickElement {id=node-CBB905A9-DA3F-405F-80F8-A2A0BC6B98F4}]
Capabilities {acceptInsecureCerts: false, browserName: Safari, browserVersion: 15.2, platformName: mac, safari:automaticInspection: false, safari:automaticProfiling: false, safari:diagnose: false, safari:platformBuildVersion: 21C52, safari:platformVersion: 12.1, safari:useSimulator: false, setWindowRect: true, strictFileInteractability: false, webkit:WebRTC: {DisableICECandidateFiltering: false, DisableInsecureMediaCapture: false}}
Element: [[[[SafariDriver: Safari on mac (47F2D659-ACB9-4D53-957F-604B2C37761B)] -> css selector: .product-item:first-child]] -> xpath: //div[@option-label='28']]
Session ID: 47F2D659-ACB9-4D53-957F-604B2C37761B
	at seleniumwebapptesting.safari.CartFunctionalitySafariTest.testAddProductToCart(CartFunctionalitySafariTest.java:39)
]]></error>
    <system-err><![CDATA[Nov 26, 2023 12:28:51 AM org.openqa.selenium.os.ExternalProcess$Builder lambda$start$0
WARNING: failed to copy the output of process 30804
java.io.IOException: Stream closed
	at java.base/java.io.BufferedInputStream.getBufIfOpen(BufferedInputStream.java:172)
	at java.base/java.io.BufferedInputStream.implRead(BufferedInputStream.java:373)
	at java.base/java.io.BufferedInputStream.read(BufferedInputStream.java:367)
	at java.base/java.io.InputStream.transferTo(InputStream.java:790)
	at org.openqa.selenium.os.ExternalProcess$Builder.lambda$start$0(ExternalProcess.java:209)
	at java.base/java.lang.Thread.run(Thread.java:1589)

Nov 26, 2023 12:28:51 AM org.openqa.selenium.os.ExternalProcess$Builder lambda$start$0
WARNING: failed to copy the output of process 30804
java.io.IOException: Stream closed
	at java.base/java.io.BufferedInputStream.getBufIfOpen(BufferedInputStream.java:172)
	at java.base/java.io.BufferedInputStream.implRead(BufferedInputStream.java:373)
	at java.base/java.io.BufferedInputStream.read(BufferedInputStream.java:367)
	at java.base/java.io.InputStream.transferTo(InputStream.java:790)
	at org.openqa.selenium.os.ExternalProcess$Builder.lambda$start$0(ExternalProcess.java:209)
	at java.base/java.lang.Thread.run(Thread.java:1589)

Nov 26, 2023 12:28:51 AM org.openqa.selenium.os.ExternalProcess$Builder lambda$start$0
WARNING: failed to copy the output of process 30804
java.io.IOException: Stream closed
	at java.base/java.io.BufferedInputStream.getBufIfOpen(BufferedInputStream.java:172)
	at java.base/java.io.BufferedInputStream.implRead(BufferedInputStream.java:373)
	at java.base/java.io.BufferedInputStream.read(BufferedInputStream.java:367)
	at java.base/java.io.InputStream.transferTo(InputStream.java:790)
	at org.openqa.selenium.os.ExternalProcess$Builder.lambda$start$0(ExternalProcess.java:209)
	at java.base/java.lang.Thread.run(Thread.java:1589)

Nov 26, 2023 12:28:51 AM org.openqa.selenium.os.ExternalProcess$Builder lambda$start$0
WARNING: failed to copy the output of process 30804
java.io.IOException: Stream closed
	at java.base/java.io.BufferedInputStream.getBufIfOpen(BufferedInputStream.java:172)
	at java.base/java.io.BufferedInputStream.implRead(BufferedInputStream.java:373)
	at java.base/java.io.BufferedInputStream.read(BufferedInputStream.java:367)
	at java.base/java.io.InputStream.transferTo(InputStream.java:790)
	at org.openqa.selenium.os.ExternalProcess$Builder.lambda$start$0(ExternalProcess.java:209)
	at java.base/java.lang.Thread.run(Thread.java:1589)

]]></system-err>
  </testcase>
  <testcase name="testCartTotalUpdate" classname="seleniumwebapptesting.safari.CartFunctionalitySafariTest" time="3.245">
    <error message="A node reference could not be resolved: Node with identifier &apos;node-8EAD6886-8FE4-4807-A5C6-2C40F59CDD7E&apos; was not found&#10;For documentation on this error, please visit: https://www.selenium.dev/documentation/webdriver/troubleshooting/errors#stale-element-reference-exception&#10;Build info: version: &apos;4.14.1&apos;, revision: &apos;03f8ede370&apos;&#10;System info: os.name: &apos;Mac OS X&apos;, os.arch: &apos;x86_64&apos;, os.version: &apos;12.1&apos;, java.version: &apos;19.0.2&apos;&#10;Driver info: org.openqa.selenium.safari.SafariDriver&#10;Command: [742E0214-7663-470E-8961-233A8692D4B8, getElementText {id=node-8EAD6886-8FE4-4807-A5C6-2C40F59CDD7E}]&#10;Capabilities {acceptInsecureCerts: false, browserName: Safari, browserVersion: 15.2, platformName: mac, safari:automaticInspection: false, safari:automaticProfiling: false, safari:diagnose: false, safari:platformBuildVersion: 21C52, safari:platformVersion: 12.1, safari:useSimulator: false, setWindowRect: true, strictFileInteractability: false, webkit:WebRTC: {DisableICECandidateFiltering: false, DisableInsecureMediaCapture: false}}&#10;Element: [[[[SafariDriver: Safari on mac (742E0214-7663-470E-8961-233A8692D4B8)] -&gt; css selector: .product-item]] -&gt; css selector: .price-box .price]&#10;Session ID: 742E0214-7663-470E-8961-233A8692D4B8" type="org.openqa.selenium.StaleElementReferenceException"><![CDATA[org.openqa.selenium.StaleElementReferenceException: 
A node reference could not be resolved: Node with identifier 'node-8EAD6886-8FE4-4807-A5C6-2C40F59CDD7E' was not found
For documentation on this error, please visit: https://www.selenium.dev/documentation/webdriver/troubleshooting/errors#stale-element-reference-exception
Build info: version: '4.14.1', revision: '03f8ede370'
System info: os.name: 'Mac OS X', os.arch: 'x86_64', os.version: '12.1', java.version: '19.0.2'
Driver info: org.openqa.selenium.safari.SafariDriver
Command: [742E0214-7663-470E-8961-233A8692D4B8, getElementText {id=node-8EAD6886-8FE4-4807-A5C6-2C40F59CDD7E}]
Capabilities {acceptInsecureCerts: false, browserName: Safari, browserVersion: 15.2, platformName: mac, safari:automaticInspection: false, safari:automaticProfiling: false, safari:diagnose: false, safari:platformBuildVersion: 21C52, safari:platformVersion: 12.1, safari:useSimulator: false, setWindowRect: true, strictFileInteractability: false, webkit:WebRTC: {DisableICECandidateFiltering: false, DisableInsecureMediaCapture: false}}
Element: [[[[SafariDriver: Safari on mac (742E0214-7663-470E-8961-233A8692D4B8)] -> css selector: .product-item]] -> css selector: .price-box .price]
Session ID: 742E0214-7663-470E-8961-233A8692D4B8
	at seleniumwebapptesting.safari.CartFunctionalitySafariTest.testCartTotalUpdate(CartFunctionalitySafariTest.java:126)
]]></error>
    <system-err><![CDATA[Nov 26, 2023 12:28:54 AM org.openqa.selenium.os.ExternalProcess$Builder lambda$start$0
WARNING: failed to copy the output of process 30836
java.io.IOException: Stream closed
	at java.base/java.io.BufferedInputStream.getBufIfOpen(BufferedInputStream.java:172)
	at java.base/java.io.BufferedInputStream.implRead(BufferedInputStream.java:373)
	at java.base/java.io.BufferedInputStream.read(BufferedInputStream.java:367)
	at java.base/java.io.InputStream.transferTo(InputStream.java:790)
	at org.openqa.selenium.os.ExternalProcess$Builder.lambda$start$0(ExternalProcess.java:209)
	at java.base/java.lang.Thread.run(Thread.java:1589)

Nov 26, 2023 12:28:54 AM org.openqa.selenium.os.ExternalProcess$Builder lambda$start$0
WARNING: failed to copy the output of process 30836
java.io.IOException: Stream closed
	at java.base/java.io.BufferedInputStream.getBufIfOpen(BufferedInputStream.java:172)
	at java.base/java.io.BufferedInputStream.implRead(BufferedInputStream.java:373)
	at java.base/java.io.BufferedInputStream.read(BufferedInputStream.java:367)
	at java.base/java.io.InputStream.transferTo(InputStream.java:790)
	at org.openqa.selenium.os.ExternalProcess$Builder.lambda$start$0(ExternalProcess.java:209)
	at java.base/java.lang.Thread.run(Thread.java:1589)

Nov 26, 2023 12:28:54 AM org.openqa.selenium.os.ExternalProcess$Builder lambda$start$0
WARNING: failed to copy the output of process 30836
java.io.IOException: Stream closed
	at java.base/java.io.BufferedInputStream.getBufIfOpen(BufferedInputStream.java:172)
	at java.base/java.io.BufferedInputStream.implRead(BufferedInputStream.java:373)
	at java.base/java.io.BufferedInputStream.read(BufferedInputStream.java:367)
	at java.base/java.io.InputStream.transferTo(InputStream.java:790)
	at org.openqa.selenium.os.ExternalProcess$Builder.lambda$start$0(ExternalProcess.java:209)
	at java.base/java.lang.Thread.run(Thread.java:1589)

]]></system-err>
  </testcase>
</testsuite>