<?xml version="1.0" encoding="UTF-8"?>
<testsuite xmlns:xsi="http://www.w3.org/2001/XMLSchema-instance" xsi:noNamespaceSchemaLocation="https://maven.apache.org/surefire/maven-surefire-plugin/xsd/surefire-test-report-3.0.xsd" version="3.0" name="seleniumwebapptesting.safari.SearchingSafariTest" time="11.11" tests="3" errors="3" skipped="0" failures="0">
  <properties>
[...]
</properties>
  <testcase name="testValidSearchResults" classname="seleniumwebapptesting.safari.SearchingSafariTest" time="3.71">
    <error message="Build info: version: &apos;4.14.1&apos;, revision: &apos;03f8ede370&apos;&#10;System info: os.name: &apos;Mac OS X&apos;, os.arch: &apos;x86_64&apos;, os.version: &apos;12.1&apos;, java.version: &apos;19.0.2&apos;&#10;Driver info: org.openqa.selenium.safari.SafariDriver&#10;Command: [8759848A-450F-4635-ADB9-961D0E5B5EB3, clickElement {id=node-02CB1BE2-D79A-4A5F-8B22-CFFC1994CD0D}]&#10;Capabilities {acceptInsecureCerts: false, browserName: Safari, browserVersion: 15.2, platformName: mac, safari:automaticInspection: false, safari:automaticProfiling: false, safari:diagnose: false, safari:platformBuildVersion: 21C52, safari:platformVersion: 12.1, safari:useSimulator: false, setWindowRect: true, strictFileInteractability: false, webkit:WebRTC: {DisableICECandidateFiltering: false, DisableInsecureMediaCapture: false}}&#10;Element: [[SafariDriver: Safari on mac (8759848A-450F-4635-ADB9-961D0E5B5EB3)] -&gt; css selector: button[title=&apos;Search&apos;]]&#10;Session ID: 8759848A-450F-4635-ADB9-961D0E5B5EB3" type="org.openqa.selenium.ElementNotInteractableException"><![CDATA[org.openqa.selenium.ElementNotInteractableException: 
Build info: version: '4.14.1', revision: '03f8ede370'
System info: os.name: 'Mac OS X', os.arch: 'x86_64', os.version: '12.1', java.version: '19.0.2'
Driver info: org.openqa.selenium.safari.SafariDriver
Command: [8759848A-450F-4635-ADB9-961D0E5B5EB3, clickElement {id=node-02CB1BE2-D79A-4A5F-8B22-CFFC1994CD0D}]
Capabilities {acceptInsecureCerts: false, browserName: Safari, browserVersion: 15.2, platformName: mac, safari:automaticInspection: false, safari:automaticProfiling: false, safari:diagnose: false, safari:platformBuildVersion: 21C52, safari:platformVersion: 12.1, safari:useSimulator: false, setWindowRect: true, strictFileInteractability: false, webkit:WebRTC: {DisableICECandidateFiltering: false, DisableInsecureMediaCapture: false}}
Element: [[SafariDriver: Safari on mac (8759848A-450F-4635-ADB9-961D0E5B5EB3)] -> css selector: button[title='Search']]
Session ID: 8759848A-450F-4635-ADB9-961D0E5B5EB3
	at seleniumwebapptesting.safari.SearchingSafariTest.testValidSearchResults(SearchingSafariTest.java:60)
]]></error>
    <system-err><![CDATA[Nov 26, 2023 12:29:25 AM org.openqa.selenium.os.ExternalProcess$Builder lambda$start$0
WARNING: failed to copy the output of process 31002
java.io.IOException: Stream closed
	at java.base/java.io.BufferedInputStream.getBufIfOpen(BufferedInputStream.java:172)
	at java.base/java.io.BufferedInputStream.implRead(BufferedInputStream.java:373)
	at java.base/java.io.BufferedInputStream.read(BufferedInputStream.java:367)
	at java.base/java.io.InputStream.transferTo(InputStream.java:790)
	at org.openqa.selenium.os.ExternalProcess$Builder.lambda$start$0(ExternalProcess.java:209)
	at java.base/java.lang.Thread.run(Thread.java:1589)

Nov 26, 2023 12:29:25 AM org.openqa.selenium.os.ExternalProcess$Builder lambda$start$0
WARNING: failed to copy the output of process 31002
java.io.IOException: Stream closed
	at java.base/java.io.BufferedInputStream.getBufIfOpen(BufferedInputStream.java:172)
	at java.base/java.io.BufferedInputStream.implRead(BufferedInputStream.java:373)
	at java.base/java.io.BufferedInputStream.read(BufferedInputStream.java:367)
	at java.base/java.io.InputStream.transferTo(InputStream.java:790)
	at org.openqa.selenium.os.ExternalProcess$Builder.lambda$start$0(ExternalProcess.java:209)
	at java.base/java.lang.Thread.run(Thread.java:1589)

Nov 26, 2023 12:29:25 AM org.openqa.selenium.os.ExternalProcess$Builder lambda$start$0
WARNING: failed to copy the output of process 31002
java.io.IOException: Stream closed
	at java.base/java.io.BufferedInputStream.getBufIfOpen(BufferedInputStream.java:172)
	at java.base/java.io.BufferedInputStream.implRead(BufferedInputStream.java:373)
	at java.base/java.io.BufferedInputStream.read(BufferedInputStream.java:367)
	at java.base/java.io.InputStream.transferTo(InputStream.java:790)
	at org.openqa.selenium.os.ExternalProcess$Builder.lambda$start$0(ExternalProcess.java:209)
	at java.base/java.lang.Thread.run(Thread.java:1589)

]]></system-err>
  </testcase>
  <testcase name="testSearchBarFunctionality" classname="seleniumwebapptesting.safari.SearchingSafariTest" time="3.652">
    <error message="Build info: version: &apos;4.14.1&apos;, revision: &apos;03f8ede370&apos;&#10;System info: os.name: &apos;Mac OS X&apos;, os.arch: &apos;x86_64&apos;, os.version: &apos;12.1&apos;, java.version: &apos;19.0.2&apos;&#10;Driver info: org.openqa.selenium.safari.SafariDriver&#10;Command: [C66EA157-011B-4F5D-8567-63BFA6833011, clickElement {id=node-A4E7A7D4-38C0-4AF9-A0D2-764E73010987}]&#10;Capabilities {acceptInsecureCerts: false, browserName: Safari, browserVersion: 15.2, platformName: mac, safari:automaticInspection: false, safari:automaticProfiling: false, safari:diagnose: false, safari:platformBuildVersion: 21C52, safari:platformVersion: 12.1, safari:useSimulator: false, setWindowRect: true, strictFileInteractability: false, webkit:WebRTC: {DisableICECandidateFiltering: false, DisableInsecureMediaCapture: false}}&#10;Element: [[SafariDriver: Safari on mac (C66EA157-011B-4F5D-8567-63BFA6833011)] -&gt; css selector: button[title=&apos;Search&apos;]]&#10;Session ID: C66EA157-011B-4F5D-8567-63BFA6833011" type="org.openqa.selenium.ElementNotInteractableException"><![CDATA[org.openqa.selenium.ElementNotInteractableException: 
Build info: version: '4.14.1', revision: '03f8ede370'
System info: os.name: 'Mac OS X', os.arch: 'x86_64', os.version: '12.1', java.version: '19.0.2'
Driver info: org.openqa.selenium.safari.SafariDriver
Command: [C66EA157-011B-4F5D-8567-63BFA6833011, clickElement {id=node-A4E7A7D4-38C0-4AF9-A0D2-764E73010987}]
Capabilities {acceptInsecureCerts: false, browserName: Safari, browserVersion: 15.2, platformName: mac, safari:automaticInspection: false, safari:automaticProfiling: false, safari:diagnose: false, safari:platformBuildVersion: 21C52, safari:platformVersion: 12.1, safari:useSimulator: false, setWindowRect: true, strictFileInteractability: false, webkit:WebRTC: {DisableICECandidateFiltering: false, DisableInsecureMediaCapture: false}}
Element: [[SafariDriver: Safari on mac (C66EA157-011B-4F5D-8567-63BFA6833011)] -> css selector: button[title='Search']]
Session ID: C66EA157-011B-4F5D-8567-63BFA6833011
	at seleniumwebapptesting.safari.SearchingSafariTest.testSearchBarFunctionality(SearchingSafariTest.java:41)
]]></error>
    <system-err><![CDATA[Nov 26, 2023 12:29:28 AM org.openqa.selenium.os.ExternalProcess$Builder lambda$start$0
WARNING: failed to copy the output of process 31034
java.io.IOException: Stream closed
	at java.base/java.io.BufferedInputStream.getBufIfOpen(BufferedInputStream.java:172)
	at java.base/java.io.BufferedInputStream.implRead(BufferedInputStream.java:373)
	at java.base/java.io.BufferedInputStream.read(BufferedInputStream.java:367)
	at java.base/java.io.InputStream.transferTo(InputStream.java:790)
	at org.openqa.selenium.os.ExternalProcess$Builder.lambda$start$0(ExternalProcess.java:209)
	at java.base/java.lang.Thread.run(Thread.java:1589)

Nov 26, 2023 12:29:28 AM org.openqa.selenium.os.ExternalProcess$Builder lambda$start$0
WARNING: failed to copy the output of process 31034
java.io.IOException: Stream closed
	at java.base/java.io.BufferedInputStream.getBufIfOpen(BufferedInputStream.java:172)
	at java.base/java.io.BufferedInputStream.implRead(BufferedInputStream.java:373)
	at java.base/java.io.BufferedInputStream.read(BufferedInputStream.java:367)
	at java.base/java.io.InputStream.transferTo(InputStream.java:790)
	at org.openqa.selenium.os.ExternalProcess$Builder.lambda$start$0(ExternalProcess.java:209)
	at java.base/java.lang.Thread.run(Thread.java:1589)

Nov 26, 2023 12:29:28 AM org.openqa.selenium.os.ExternalProcess$Builder lambda$start$0
WARNING: failed to copy the output of process 31034
java.io.IOException: Stream closed
	at java.base/java.io.BufferedInputStream.getBufIfOpen(BufferedInputStream.java:172)
	at java.base/java.io.BufferedInputStream.implRead(BufferedInputStream.java:373)
	at java.base/java.io.BufferedInputStream.read(BufferedInputStream.java:367)
	at java.base/java.io.InputStream.transferTo(InputStream.java:790)
	at org.openqa.selenium.os.ExternalProcess$Builder.lambda$start$0(ExternalProcess.java:209)
	at java.base/java.lang.Thread.run(Thread.java:1589)

Nov 26, 2023 12:29:28 AM org.openqa.selenium.os.ExternalProcess$Builder lambda$start$0
WARNING: failed to copy the output of process 31034
java.io.IOException: Stream closed
	at java.base/java.io.BufferedInputStream.getBufIfOpen(BufferedInputStream.java:172)
	at java.base/java.io.BufferedInputStream.implRead(BufferedInputStream.java:373)
	at java.base/java.io.BufferedInputStream.read(BufferedInputStream.java:367)
	at java.base/java.io.InputStream.transferTo(InputStream.java:790)
	at org.openqa.selenium.os.ExternalProcess$Builder.lambda$start$0(ExternalProcess.java:209)
	at java.base/java.lang.Thread.run(Thread.java:1589)

Nov 26, 2023 12:29:28 AM org.openqa.selenium.os.ExternalProcess$Builder lambda$start$0
WARNING: failed to copy the output of process 31034
java.io.IOException: Stream closed
	at java.base/java.io.BufferedInputStream.getBufIfOpen(BufferedInputStream.java:172)
	at java.base/java.io.BufferedInputStream.implRead(BufferedInputStream.java:373)
	at java.base/java.io.BufferedInputStream.read(BufferedInputStream.java:367)
	at java.base/java.io.InputStream.transferTo(InputStream.java:790)
	at org.openqa.selenium.os.ExternalProcess$Builder.lambda$start$0(ExternalProcess.java:209)
	at java.base/java.lang.Thread.run(Thread.java:1589)

Nov 26, 2023 12:29:28 AM org.openqa.selenium.os.ExternalProcess$Builder lambda$start$0
WARNING: failed to copy the output of process 31034
java.io.IOException: Stream closed
	at java.base/java.io.BufferedInputStream.getBufIfOpen(BufferedInputStream.java:172)
	at java.base/java.io.BufferedInputStream.implRead(BufferedInputStream.java:373)
	at java.base/java.io.BufferedInputStream.read(BufferedInputStream.java:367)
	at java.base/java.io.InputStream.transferTo(InputStream.java:790)
	at org.openqa.selenium.os.ExternalProcess$Builder.lambda$start$0(ExternalProcess.java:209)
	at java.base/java.lang.Thread.run(Thread.java:1589)

Nov 26, 2023 12:29:28 AM org.openqa.selenium.os.ExternalProcess$Builder lambda$start$0
WARNING: failed to copy the output of process 31034
java.io.IOException: Stream closed
	at java.base/java.io.BufferedInputStream.getBufIfOpen(BufferedInputStream.java:172)
	at java.base/java.io.BufferedInputStream.implRead(BufferedInputStream.java:373)
	at java.base/java.io.BufferedInputStream.read(BufferedInputStream.java:367)
	at java.base/java.io.InputStream.transferTo(InputStream.java:790)
	at org.openqa.selenium.os.ExternalProcess$Builder.lambda$start$0(ExternalProcess.java:209)
	at java.base/java.lang.Thread.run(Thread.java:1589)

Nov 26, 2023 12:29:28 AM org.openqa.selenium.os.ExternalProcess$Builder lambda$start$0
WARNING: failed to copy the output of process 31034
java.io.IOException: Stream closed
	at java.base/java.io.BufferedInputStream.getBufIfOpen(BufferedInputStream.java:172)
	at java.base/java.io.BufferedInputStream.implRead(BufferedInputStream.java:373)
	at java.base/java.io.BufferedInputStream.read(BufferedInputStream.java:367)
	at java.base/java.io.InputStream.transferTo(InputStream.java:790)
	at org.openqa.selenium.os.ExternalProcess$Builder.lambda$start$0(ExternalProcess.java:209)
	at java.base/java.lang.Thread.run(Thread.java:1589)

Nov 26, 2023 12:29:28 AM org.openqa.selenium.os.ExternalProcess$Builder lambda$start$0
WARNING: failed to copy the output of process 31034
java.io.IOException: Stream closed
	at java.base/java.io.BufferedInputStream.getBufIfOpen(BufferedInputStream.java:172)
	at java.base/java.io.BufferedInputStream.implRead(BufferedInputStream.java:373)
	at java.base/java.io.BufferedInputStream.read(BufferedInputStream.java:367)
	at java.base/java.io.InputStream.transferTo(InputStream.java:790)
	at org.openqa.selenium.os.ExternalProcess$Builder.lambda$start$0(ExternalProcess.java:209)
	at java.base/java.lang.Thread.run(Thread.java:1589)

Nov 26, 2023 12:29:28 AM org.openqa.selenium.os.ExternalProcess$Builder lambda$start$0
WARNING: failed to copy the output of process 31034
java.io.IOException: Stream closed
	at java.base/java.io.BufferedInputStream.getBufIfOpen(BufferedInputStream.java:172)
	at java.base/java.io.BufferedInputStream.implRead(BufferedInputStream.java:373)
	at java.base/java.io.BufferedInputStream.read(BufferedInputStream.java:367)
	at java.base/java.io.InputStream.transferTo(InputStream.java:790)
	at org.openqa.selenium.os.ExternalProcess$Builder.lambda$start$0(ExternalProcess.java:209)
	at java.base/java.lang.Thread.run(Thread.java:1589)

Nov 26, 2023 12:29:28 AM org.openqa.selenium.os.ExternalProcess$Builder lambda$start$0
WARNING: failed to copy the output of process 31034
java.io.IOException: Stream closed
	at java.base/java.io.BufferedInputStream.getBufIfOpen(BufferedInputStream.java:172)
	at java.base/java.io.BufferedInputStream.implRead(BufferedInputStream.java:373)
	at java.base/java.io.BufferedInputStream.read(BufferedInputStream.java:367)
	at java.base/java.io.InputStream.transferTo(InputStream.java:790)
	at org.openqa.selenium.os.ExternalProcess$Builder.lambda$start$0(ExternalProcess.java:209)
	at java.base/java.lang.Thread.run(Thread.java:1589)

Nov 26, 2023 12:29:28 AM org.openqa.selenium.os.ExternalProcess$Builder lambda$start$0
WARNING: failed to copy the output of process 31034
java.io.IOException: Stream closed
	at java.base/java.io.BufferedInputStream.getBufIfOpen(BufferedInputStream.java:172)
	at java.base/java.io.BufferedInputStream.implRead(BufferedInputStream.java:373)
	at java.base/java.io.BufferedInputStream.read(BufferedInputStream.java:367)
	at java.base/java.io.InputStream.transferTo(InputStream.java:790)
	at org.openqa.selenium.os.ExternalProcess$Builder.lambda$start$0(ExternalProcess.java:209)
	at java.base/java.lang.Thread.run(Thread.java:1589)

]]></system-err>
  </testcase>
  <testcase name="testInvalidSearchResults" classname="seleniumwebapptesting.safari.SearchingSafariTest" time="3.742">
    <error message="Build info: version: &apos;4.14.1&apos;, revision: &apos;03f8ede370&apos;&#10;System info: os.name: &apos;Mac OS X&apos;, os.arch: &apos;x86_64&apos;, os.version: &apos;12.1&apos;, java.version: &apos;19.0.2&apos;&#10;Driver info: org.openqa.selenium.safari.SafariDriver&#10;Command: [9D2999D5-4D20-4678-9AAF-8C9F837FC00A, clickElement {id=node-C64E2EA0-F7CD-44AE-8435-80B0A51A4781}]&#10;Capabilities {acceptInsecureCerts: false, browserName: Safari, browserVersion: 15.2, platformName: mac, safari:automaticInspection: false, safari:automaticProfiling: false, safari:diagnose: false, safari:platformBuildVersion: 21C52, safari:platformVersion: 12.1, safari:useSimulator: false, setWindowRect: true, strictFileInteractability: false, webkit:WebRTC: {DisableICECandidateFiltering: false, DisableInsecureMediaCapture: false}}&#10;Element: [[SafariDriver: Safari on mac (9D2999D5-4D20-4678-9AAF-8C9F837FC00A)] -&gt; css selector: button[title=&apos;Search&apos;]]&#10;Session ID: 9D2999D5-4D20-4678-9AAF-8C9F837FC00A" type="org.openqa.selenium.ElementNotInteractableException"><![CDATA[org.openqa.selenium.ElementNotInteractableException: 
Build info: version: '4.14.1', revision: '03f8ede370'
System info: os.name: 'Mac OS X', os.arch: 'x86_64', os.version: '12.1', java.version: '19.0.2'
Driver info: org.openqa.selenium.safari.SafariDriver
Command: [9D2999D5-4D20-4678-9AAF-8C9F837FC00A, clickElement {id=node-C64E2EA0-F7CD-44AE-8435-80B0A51A4781}]
Capabilities {acceptInsecureCerts: false, browserName: Safari, browserVersion: 15.2, platformName: mac, safari:automaticInspection: false, safari:automaticProfiling: false, safari:diagnose: false, safari:platformBuildVersion: 21C52, safari:platformVersion: 12.1, safari:useSimulator: false, setWindowRect: true, strictFileInteractability: false, webkit:WebRTC: {DisableICECandidateFiltering: false, DisableInsecureMediaCapture: false}}
Element: [[SafariDriver: Safari on mac (9D2999D5-4D20-4678-9AAF-8C9F837FC00A)] -> css selector: button[title='Search']]
Session ID: 9D2999D5-4D20-4678-9AAF-8C9F837FC00A
	at seleniumwebapptesting.safari.SearchingSafariTest.testInvalidSearchResults(SearchingSafariTest.java:79)
]]></error>
    <system-err><![CDATA[Nov 26, 2023 12:29:32 AM org.openqa.selenium.os.ExternalProcess$Builder lambda$start$0
WARNING: failed to copy the output of process 31067
java.io.IOException: Stream closed
	at java.base/java.io.BufferedInputStream.getBufIfOpen(BufferedInputStream.java:172)
	at java.base/java.io.BufferedInputStream.implRead(BufferedInputStream.java:373)
	at java.base/java.io.BufferedInputStream.read(BufferedInputStream.java:367)
	at java.base/java.io.InputStream.transferTo(InputStream.java:790)
	at org.openqa.selenium.os.ExternalProcess$Builder.lambda$start$0(ExternalProcess.java:209)
	at java.base/java.lang.Thread.run(Thread.java:1589)

Nov 26, 2023 12:29:32 AM org.openqa.selenium.os.ExternalProcess$Builder lambda$start$0
WARNING: failed to copy the output of process 31067
java.io.IOException: Stream closed
	at java.base/java.io.BufferedInputStream.getBufIfOpen(BufferedInputStream.java:172)
	at java.base/java.io.BufferedInputStream.implRead(BufferedInputStream.java:373)
	at java.base/java.io.BufferedInputStream.read(BufferedInputStream.java:367)
	at java.base/java.io.InputStream.transferTo(InputStream.java:790)
	at org.openqa.selenium.os.ExternalProcess$Builder.lambda$start$0(ExternalProcess.java:209)
	at java.base/java.lang.Thread.run(Thread.java:1589)

]]></system-err>
  </testcase>
</testsuite>